# JRE version: OpenJDK Runtime Environment Temurin-18.0.1+10 (18.0.1+10) (build 18.0.1+10)
# Java VM: OpenJDK 64-Bit Server VM Temurin-18.0.1+10 (18.0.1+10, mixed mode, emulated-client, tiered, compressed oops, compressed class ptrs, g1 gc, windows-amd64)
GC Precious Log:
 CardTable entry size: 512
 Card Set container configuration: InlinePtr #cards 5 size 8 Array Of Cards #cards 12 size 40 Howl #buckets 4 coarsen threshold 1843 Howl Bitmap #cards 512 size 80 coarsen threshold 460 Card regions per heap region 1 cards per card region 2048
 CPUs: 4 total, 4 available
 Memory: 8104M
 Large Page Support: Disabled
 NUMA Support: Disabled
 Compressed Oops: Enabled (32-bit)
 Heap Region Size: 1M
 Heap Min Capacity: 8M
 Heap Initial Capacity: 128M
 Heap Max Capacity: 2028M
 Pre-touch: Disabled
 Parallel Workers: 4
 Concurrent Workers: 1
 Concurrent Refinement Workers: 4
 Periodic GC: Disabled
Heap:
 garbage-first heap   total 320512K, used 229399K [0x0000000081400000, 0x0000000100000000)
  region size 1024K, 155 young (158720K), 11 survivors (11264K)
 Metaspace       used 89726K, committed 90688K, reserved 1179648K
  class space    used 11117K, committed 11584K, reserved 1048576K
GC Heap History (20 events):
Event: 31.837 GC heap before
{Heap before GC invocations=26 (full 0):
 garbage-first heap   total 196608K, used 157912K [0x0000000081400000, 0x0000000100000000)
  region size 1024K, 115 young (117760K), 5 survivors (5120K)
 Metaspace       used 64381K, committed 64832K, reserved 1114112K
  class space    used 7942K, committed 8192K, reserved 1048576K
}
Event: 31.845 GC heap after
{Heap after GC invocations=27 (full 0):
 garbage-first heap   total 196608K, used 46748K [0x0000000081400000, 0x0000000100000000)
  region size 1024K, 7 young (7168K), 7 survivors (7168K)
 Metaspace       used 64381K, committed 64832K, reserved 1114112K
  class space    used 7942K, committed 8192K, reserved 1048576K
}
Event: 32.958 GC heap before
{Heap before GC invocations=27 (full 0):
 garbage-first heap   total 196608K, used 157340K [0x0000000081400000, 0x0000000100000000)
  region size 1024K, 115 young (117760K), 7 survivors (7168K)
 Metaspace       used 69295K, committed 69824K, reserved 1114112K
  class space    used 8606K, committed 8832K, reserved 1048576K
}
Event: 32.973 GC heap after
{Heap after GC invocations=28 (full 0):
 garbage-first heap   total 196608K, used 51422K [0x0000000081400000, 0x0000000100000000)
  region size 1024K, 11 young (11264K), 11 survivors (11264K)
 Metaspace       used 69295K, committed 69824K, reserved 1114112K
  class space    used 8606K, committed 8832K, reserved 1048576K
}
Event: 33.708 GC heap before
{Heap before GC invocations=28 (full 0):
 garbage-first heap   total 196608K, used 157918K [0x0000000081400000, 0x0000000100000000)
  region size 1024K, 115 young (117760K), 11 survivors (11264K)
 Metaspace       used 69954K, committed 70464K, reserved 1114112K
  class space    used 8645K, committed 8896K, reserved 1048576K
}
Event: 33.726 GC heap after
{Heap after GC invocations=29 (full 0):
 garbage-first heap   total 196608K, used 54974K [0x0000000081400000, 0x0000000100000000)
  region size 1024K, 11 young (11264K), 11 survivors (11264K)
 Metaspace       used 69954K, committed 70464K, reserved 1114112K
  class space    used 8645K, committed 8896K, reserved 1048576K
}
Event: 34.282 GC heap before
{Heap before GC invocations=29 (full 0):
 garbage-first heap   total 196608K, used 161470K [0x0000000081400000, 0x0000000100000000)
  region size 1024K, 115 young (117760K), 11 survivors (11264K)
 Metaspace       used 70302K, committed 70784K, reserved 1114112K
  class space    used 8668K, committed 8896K, reserved 1048576K
}
Event: 34.300 GC heap after
{Heap after GC invocations=30 (full 0):
 garbage-first heap   total 196608K, used 58301K [0x0000000081400000, 0x0000000100000000)
  region size 1024K, 12 young (12288K), 12 survivors (12288K)
 Metaspace       used 70302K, committed 70784K, reserved 1114112K
  class space    used 8668K, committed 8896K, reserved 1048576K
}
Event: 34.937 GC heap before
{Heap before GC invocations=30 (full 0):
 garbage-first heap   total 196608K, used 162749K [0x0000000081400000, 0x0000000100000000)
  region size 1024K, 114 young (116736K), 12 survivors (12288K)
 Metaspace       used 71649K, committed 72128K, reserved 1114112K
  class space    used 8779K, committed 9024K, reserved 1048576K
}
Event: 34.957 GC heap after
{Heap after GC invocations=31 (full 0):
 garbage-first heap   total 236544K, used 61510K [0x0000000081400000, 0x0000000100000000)
  region size 1024K, 10 young (10240K), 10 survivors (10240K)
 Metaspace       used 71649K, committed 72128K, reserved 1114112K
  class space    used 8779K, committed 9024K, reserved 1048576K
}
Event: 36.360 GC heap before
{Heap before GC invocations=31 (full 0):
 garbage-first heap   total 236544K, used 192582K [0x0000000081400000, 0x0000000100000000)
  region size 1024K, 138 young (141312K), 10 survivors (10240K)
 Metaspace       used 76867K, committed 77376K, reserved 1179648K
  class space    used 9486K, committed 9728K, reserved 1048576K
}
Event: 36.380 GC heap after
{Heap after GC invocations=32 (full 0):
 garbage-first heap   total 236544K, used 67291K [0x0000000081400000, 0x0000000100000000)
  region size 1024K, 13 young (13312K), 13 survivors (13312K)
 Metaspace       used 76867K, committed 77376K, reserved 1179648K
  class space    used 9486K, committed 9728K, reserved 1048576K
}
Event: 37.041 GC heap before
{Heap before GC invocations=32 (full 0):
 garbage-first heap   total 236544K, used 195291K [0x0000000081400000, 0x0000000100000000)
  region size 1024K, 138 young (141312K), 13 survivors (13312K)
 Metaspace       used 77699K, committed 78272K, reserved 1179648K
  class space    used 9560K, committed 9856K, reserved 1048576K
}
Event: 37.114 GC heap after
{Heap after GC invocations=33 (full 0):
 garbage-first heap   total 236544K, used 72615K [0x0000000081400000, 0x0000000100000000)
  region size 1024K, 15 young (15360K), 15 survivors (15360K)
 Metaspace       used 77699K, committed 78272K, reserved 1179648K
  class space    used 9560K, committed 9856K, reserved 1048576K
}
Event: 38.841 GC heap before
{Heap before GC invocations=33 (full 0):
 garbage-first heap   total 236544K, used 195495K [0x0000000081400000, 0x0000000100000000)
  region size 1024K, 135 young (138240K), 15 survivors (15360K)
 Metaspace       used 78241K, committed 78784K, reserved 1179648K
  class space    used 9591K, committed 9856K, reserved 1048576K
}
Event: 38.892 GC heap after
{Heap after GC invocations=34 (full 0):
 garbage-first heap   total 236544K, used 76895K [0x0000000081400000, 0x0000000100000000)
  region size 1024K, 10 young (10240K), 10 survivors (10240K)
 Metaspace       used 78241K, committed 78784K, reserved 1179648K
  class space    used 9591K, committed 9856K, reserved 1048576K
}
Event: 40.429 GC heap before
{Heap before GC invocations=34 (full 0):
 garbage-first heap   total 236544K, used 195679K [0x0000000081400000, 0x0000000100000000)
  region size 1024K, 126 young (129024K), 10 survivors (10240K)
 Metaspace       used 79938K, committed 80576K, reserved 1179648K
  class space    used 9803K, committed 10112K, reserved 1048576K
}
Event: 40.461 GC heap after
{Heap after GC invocations=35 (full 0):
 garbage-first heap   total 236544K, used 82608K [0x0000000081400000, 0x0000000100000000)
  region size 1024K, 10 young (10240K), 10 survivors (10240K)
 Metaspace       used 79938K, committed 80576K, reserved 1179648K
  class space    used 9803K, committed 10112K, reserved 1048576K
}
Event: 95.321 GC heap before
{Heap before GC invocations=35 (full 0):
 garbage-first heap   total 236544K, used 195248K [0x0000000081400000, 0x0000000100000000)
  region size 1024K, 121 young (123904K), 10 survivors (10240K)
 Metaspace       used 81682K, committed 82368K, reserved 1179648K
  class space    used 10098K, committed 10432K, reserved 1048576K
}
Event: 95.358 GC heap after
{Heap after GC invocations=36 (full 0):
 garbage-first heap   total 320512K, used 83991K [0x0000000081400000, 0x0000000100000000)
  region size 1024K, 11 young (11264K), 11 survivors (11264K)
 Metaspace       used 81682K, committed 82368K, reserved 1179648K
  class space    used 10098K, committed 10432K, reserved 1048576K
}

