# JRE version: OpenJDK Runtime Environment Temurin-18.0.1+10 (18.0.1+10) (build 18.0.1+10)
# Java VM: OpenJDK 64-Bit Server VM Temurin-18.0.1+10 (18.0.1+10, mixed mode, emulated-client, tiered, compressed oops, compressed class ptrs, g1 gc, windows-amd64)
GC Precious Log:
 CardTable entry size: 512
 Card Set container configuration: InlinePtr #cards 5 size 8 Array Of Cards #cards 12 size 40 Howl #buckets 4 coarsen threshold 1843 Howl Bitmap #cards 512 size 80 coarsen threshold 460 Card regions per heap region 1 cards per card region 2048
 CPUs: 4 total, 4 available
 Memory: 8104M
 Large Page Support: Disabled
 NUMA Support: Disabled
 Compressed Oops: Enabled (32-bit)
 Heap Region Size: 1M
 Heap Min Capacity: 8M
 Heap Initial Capacity: 128M
 Heap Max Capacity: 2028M
 Pre-touch: Disabled
 Parallel Workers: 4
 Concurrent Workers: 1
 Concurrent Refinement Workers: 4
 Periodic GC: Disabled
Heap:
 garbage-first heap   total 275456K, used 152444K [0x0000000081400000, 0x0000000100000000)
  region size 1024K, 83 young (84992K), 10 survivors (10240K)
 Metaspace       used 87646K, committed 88320K, reserved 1179648K
  class space    used 10868K, committed 11200K, reserved 1048576K
GC Heap History (20 events):
Event: 25.732 GC heap before
{Heap before GC invocations=28 (full 0):
 garbage-first heap   total 152576K, used 128867K [0x0000000081400000, 0x0000000100000000)
  region size 1024K, 89 young (91136K), 6 survivors (6144K)
 Metaspace       used 64055K, committed 64512K, reserved 1114112K
  class space    used 7953K, committed 8192K, reserved 1048576K
}
Event: 25.761 GC heap after
{Heap after GC invocations=29 (full 0):
 garbage-first heap   total 183296K, used 46029K [0x0000000081400000, 0x0000000100000000)
  region size 1024K, 8 young (8192K), 8 survivors (8192K)
 Metaspace       used 64055K, committed 64512K, reserved 1114112K
  class space    used 7953K, committed 8192K, reserved 1048576K
}
Event: 28.688 GC heap before
{Heap before GC invocations=29 (full 0):
 garbage-first heap   total 183296K, used 147405K [0x0000000081400000, 0x0000000100000000)
  region size 1024K, 107 young (109568K), 8 survivors (8192K)
 Metaspace       used 68824K, committed 69312K, reserved 1114112K
  class space    used 8582K, committed 8832K, reserved 1048576K
}
Event: 28.726 GC heap after
{Heap after GC invocations=30 (full 0):
 garbage-first heap   total 183296K, used 49999K [0x0000000081400000, 0x0000000100000000)
  region size 1024K, 11 young (11264K), 11 survivors (11264K)
 Metaspace       used 68824K, committed 69312K, reserved 1114112K
  class space    used 8582K, committed 8832K, reserved 1048576K
}
Event: 30.243 GC heap before
{Heap before GC invocations=30 (full 0):
 garbage-first heap   total 183296K, used 148303K [0x0000000081400000, 0x0000000100000000)
  region size 1024K, 107 young (109568K), 11 survivors (11264K)
 Metaspace       used 69236K, committed 69696K, reserved 1114112K
  class space    used 8607K, committed 8832K, reserved 1048576K
}
Event: 30.296 GC heap after
{Heap after GC invocations=31 (full 0):
 garbage-first heap   total 183296K, used 53831K [0x0000000081400000, 0x0000000100000000)
  region size 1024K, 11 young (11264K), 11 survivors (11264K)
 Metaspace       used 69236K, committed 69696K, reserved 1114112K
  class space    used 8607K, committed 8832K, reserved 1048576K
}
Event: 31.788 GC heap before
{Heap before GC invocations=31 (full 0):
 garbage-first heap   total 183296K, used 151111K [0x0000000081400000, 0x0000000100000000)
  region size 1024K, 106 young (108544K), 11 survivors (11264K)
 Metaspace       used 70218K, committed 70784K, reserved 1114112K
  class space    used 8700K, committed 8960K, reserved 1048576K
}
Event: 31.837 GC heap after
{Heap after GC invocations=32 (full 0):
 garbage-first heap   total 183296K, used 55924K [0x0000000081400000, 0x0000000100000000)
  region size 1024K, 10 young (10240K), 10 survivors (10240K)
 Metaspace       used 70218K, committed 70784K, reserved 1114112K
  class space    used 8700K, committed 8960K, reserved 1048576K
}
Event: 33.838 GC heap before
{Heap before GC invocations=32 (full 0):
 garbage-first heap   total 183296K, used 152180K [0x0000000081400000, 0x0000000100000000)
  region size 1024K, 104 young (106496K), 10 survivors (10240K)
 Metaspace       used 72845K, committed 73408K, reserved 1114112K
  class space    used 8988K, committed 9280K, reserved 1048576K
}
Event: 33.897 GC heap after
{Heap after GC invocations=33 (full 0):
 garbage-first heap   total 183296K, used 60301K [0x0000000081400000, 0x0000000100000000)
  region size 1024K, 11 young (11264K), 11 survivors (11264K)
 Metaspace       used 72845K, committed 73408K, reserved 1114112K
  class space    used 8988K, committed 9280K, reserved 1048576K
}
Event: 36.582 GC heap before
{Heap before GC invocations=33 (full 0):
 garbage-first heap   total 183296K, used 151437K [0x0000000081400000, 0x0000000100000000)
  region size 1024K, 100 young (102400K), 11 survivors (11264K)
 Metaspace       used 76131K, committed 76672K, reserved 1179648K
  class space    used 9476K, committed 9728K, reserved 1048576K
}
Event: 36.641 GC heap after
{Heap after GC invocations=34 (full 0):
 garbage-first heap   total 224256K, used 64592K [0x0000000081400000, 0x0000000100000000)
  region size 1024K, 11 young (11264K), 11 survivors (11264K)
 Metaspace       used 76131K, committed 76672K, reserved 1179648K
  class space    used 9476K, committed 9728K, reserved 1048576K
}
Event: 38.099 GC heap before
{Heap before GC invocations=34 (full 0):
 garbage-first heap   total 224256K, used 182352K [0x0000000081400000, 0x0000000100000000)
  region size 1024K, 126 young (129024K), 11 survivors (11264K)
 Metaspace       used 76617K, committed 77248K, reserved 1179648K
  class space    used 9504K, committed 9792K, reserved 1048576K
}
Event: 38.149 GC heap after
{Heap after GC invocations=35 (full 0):
 garbage-first heap   total 224256K, used 69220K [0x0000000081400000, 0x0000000100000000)
  region size 1024K, 13 young (13312K), 13 survivors (13312K)
 Metaspace       used 76617K, committed 77248K, reserved 1179648K
  class space    used 9504K, committed 9792K, reserved 1048576K
}
Event: 39.548 GC heap before
{Heap before GC invocations=35 (full 0):
 garbage-first heap   total 224256K, used 182884K [0x0000000081400000, 0x0000000100000000)
  region size 1024K, 124 young (126976K), 13 survivors (13312K)
 Metaspace       used 77165K, committed 77760K, reserved 1179648K
  class space    used 9538K, committed 9792K, reserved 1048576K
}
Event: 39.615 GC heap after
{Heap after GC invocations=36 (full 0):
 garbage-first heap   total 224256K, used 73570K [0x0000000081400000, 0x0000000100000000)
  region size 1024K, 10 young (10240K), 10 survivors (10240K)
 Metaspace       used 77165K, committed 77760K, reserved 1179648K
  class space    used 9538K, committed 9792K, reserved 1048576K
}
Event: 41.156 GC heap before
{Heap before GC invocations=36 (full 0):
 garbage-first heap   total 224256K, used 184162K [0x0000000081400000, 0x0000000100000000)
  region size 1024K, 118 young (120832K), 10 survivors (10240K)
 Metaspace       used 78071K, committed 78656K, reserved 1179648K
  class space    used 9635K, committed 9920K, reserved 1048576K
}
Event: 41.212 GC heap after
{Heap after GC invocations=37 (full 0):
 garbage-first heap   total 224256K, used 77208K [0x0000000081400000, 0x0000000100000000)
  region size 1024K, 8 young (8192K), 8 survivors (8192K)
 Metaspace       used 78071K, committed 78656K, reserved 1179648K
  class space    used 9635K, committed 9920K, reserved 1048576K
}
Event: 47.041 GC heap before
{Heap before GC invocations=37 (full 0):
 garbage-first heap   total 224256K, used 184728K [0x0000000081400000, 0x0000000100000000)
  region size 1024K, 114 young (116736K), 8 survivors (8192K)
 Metaspace       used 80485K, committed 81152K, reserved 1179648K
  class space    used 10024K, committed 10368K, reserved 1048576K
}
Event: 47.080 GC heap after
{Heap after GC invocations=38 (full 0):
 garbage-first heap   total 275456K, used 78716K [0x0000000081400000, 0x0000000100000000)
  region size 1024K, 10 young (10240K), 10 survivors (10240K)
 Metaspace       used 80485K, committed 81152K, reserved 1179648K
  class space    used 10024K, committed 10368K, reserved 1048576K
}

