# JRE version: OpenJDK Runtime Environment Temurin-18.0.1+10 (18.0.1+10) (build 18.0.1+10)
# Java VM: OpenJDK 64-Bit Server VM Temurin-18.0.1+10 (18.0.1+10, mixed mode, emulated-client, tiered, compressed oops, compressed class ptrs, g1 gc, windows-amd64)
GC Precious Log:
 CardTable entry size: 512
 Card Set container configuration: InlinePtr #cards 5 size 8 Array Of Cards #cards 12 size 40 Howl #buckets 4 coarsen threshold 1843 Howl Bitmap #cards 512 size 80 coarsen threshold 460 Card regions per heap region 1 cards per card region 2048
 CPUs: 4 total, 4 available
 Memory: 8104M
 Large Page Support: Disabled
 NUMA Support: Disabled
 Compressed Oops: Enabled (32-bit)
 Heap Region Size: 1M
 Heap Min Capacity: 8M
 Heap Initial Capacity: 128M
 Heap Max Capacity: 2028M
 Pre-touch: Disabled
 Parallel Workers: 4
 Concurrent Workers: 1
 Concurrent Refinement Workers: 4
 Periodic GC: Disabled
Heap:
 garbage-first heap   total 270336K, used 186352K [0x0000000081400000, 0x0000000100000000)
  region size 1024K, 122 young (124928K), 15 survivors (15360K)
 Metaspace       used 87905K, committed 88576K, reserved 1179648K
  class space    used 10888K, committed 11200K, reserved 1048576K
GC Heap History (20 events):
Event: 9.663 GC heap before
{Heap before GC invocations=26 (full 0):
 garbage-first heap   total 143360K, used 116411K [0x0000000081400000, 0x0000000100000000)
  region size 1024K, 76 young (77824K), 2 survivors (2048K)
 Metaspace       used 62198K, committed 62656K, reserved 1114112K
  class space    used 7758K, committed 8000K, reserved 1048576K
}
Event: 9.667 GC heap after
{Heap after GC invocations=27 (full 0):
 garbage-first heap   total 220160K, used 41154K [0x0000000081400000, 0x0000000100000000)
  region size 1024K, 3 young (3072K), 3 survivors (3072K)
 Metaspace       used 62198K, committed 62656K, reserved 1114112K
  class space    used 7758K, committed 8000K, reserved 1048576K
}
Event: 10.042 GC heap before
{Heap before GC invocations=27 (full 0):
 garbage-first heap   total 220160K, used 170178K [0x0000000081400000, 0x0000000100000000)
  region size 1024K, 129 young (132096K), 3 survivors (3072K)
 Metaspace       used 62792K, committed 63296K, reserved 1114112K
  class space    used 7791K, committed 8064K, reserved 1048576K
}
Event: 10.045 GC heap after
{Heap after GC invocations=28 (full 0):
 garbage-first heap   total 220160K, used 42459K [0x0000000081400000, 0x0000000100000000)
  region size 1024K, 4 young (4096K), 4 survivors (4096K)
 Metaspace       used 62792K, committed 63296K, reserved 1114112K
  class space    used 7791K, committed 8064K, reserved 1048576K
}
Event: 10.713 GC heap before
{Heap before GC invocations=28 (full 0):
 garbage-first heap   total 220160K, used 170459K [0x0000000081400000, 0x0000000100000000)
  region size 1024K, 129 young (132096K), 4 survivors (4096K)
 Metaspace       used 66498K, committed 67008K, reserved 1114112K
  class space    used 8257K, committed 8512K, reserved 1048576K
}
Event: 10.720 GC heap after
{Heap after GC invocations=29 (full 0):
 garbage-first heap   total 220160K, used 46080K [0x0000000081400000, 0x0000000100000000)
  region size 1024K, 7 young (7168K), 7 survivors (7168K)
 Metaspace       used 66498K, committed 67008K, reserved 1114112K
  class space    used 8257K, committed 8512K, reserved 1048576K
}
Event: 11.736 GC heap before
{Heap before GC invocations=29 (full 0):
 garbage-first heap   total 220160K, used 171008K [0x0000000081400000, 0x0000000100000000)
  region size 1024K, 129 young (132096K), 7 survivors (7168K)
 Metaspace       used 69129K, committed 69632K, reserved 1114112K
  class space    used 8601K, committed 8832K, reserved 1048576K
}
Event: 11.748 GC heap after
{Heap after GC invocations=30 (full 0):
 garbage-first heap   total 220160K, used 50786K [0x0000000081400000, 0x0000000100000000)
  region size 1024K, 12 young (12288K), 12 survivors (12288K)
 Metaspace       used 69129K, committed 69632K, reserved 1114112K
  class space    used 8601K, committed 8832K, reserved 1048576K
}
Event: 12.817 GC heap before
{Heap before GC invocations=30 (full 0):
 garbage-first heap   total 220160K, used 170594K [0x0000000081400000, 0x0000000100000000)
  region size 1024K, 129 young (132096K), 12 survivors (12288K)
 Metaspace       used 70146K, committed 70656K, reserved 1114112K
  class space    used 8696K, committed 8960K, reserved 1048576K
}
Event: 12.881 GC heap after
{Heap after GC invocations=31 (full 0):
 garbage-first heap   total 220160K, used 54164K [0x0000000081400000, 0x0000000100000000)
  region size 1024K, 12 young (12288K), 12 survivors (12288K)
 Metaspace       used 70146K, committed 70656K, reserved 1114112K
  class space    used 8696K, committed 8960K, reserved 1048576K
}
Event: 15.541 GC heap before
{Heap before GC invocations=31 (full 0):
 garbage-first heap   total 220160K, used 173972K [0x0000000081400000, 0x0000000100000000)
  region size 1024K, 129 young (132096K), 12 survivors (12288K)
 Metaspace       used 73280K, committed 73920K, reserved 1114112K
  class space    used 9056K, committed 9344K, reserved 1048576K
}
Event: 15.626 GC heap after
{Heap after GC invocations=32 (full 0):
 garbage-first heap   total 220160K, used 59641K [0x0000000081400000, 0x0000000100000000)
  region size 1024K, 13 young (13312K), 13 survivors (13312K)
 Metaspace       used 73280K, committed 73920K, reserved 1114112K
  class space    used 9056K, committed 9344K, reserved 1048576K
}
Event: 18.475 GC heap before
{Heap before GC invocations=32 (full 0):
 garbage-first heap   total 220160K, used 178425K [0x0000000081400000, 0x0000000100000000)
  region size 1024K, 129 young (132096K), 13 survivors (13312K)
 Metaspace       used 76280K, committed 76864K, reserved 1179648K
  class space    used 9483K, committed 9792K, reserved 1048576K
}
Event: 18.543 GC heap after
{Heap after GC invocations=33 (full 0):
 garbage-first heap   total 220160K, used 64671K [0x0000000081400000, 0x0000000100000000)
  region size 1024K, 14 young (14336K), 14 survivors (14336K)
 Metaspace       used 76280K, committed 76864K, reserved 1179648K
  class space    used 9483K, committed 9792K, reserved 1048576K
}
Event: 19.985 GC heap before
{Heap before GC invocations=33 (full 0):
 garbage-first heap   total 220160K, used 182431K [0x0000000081400000, 0x0000000100000000)
  region size 1024K, 129 young (132096K), 14 survivors (14336K)
 Metaspace       used 76794K, committed 77376K, reserved 1179648K
  class space    used 9513K, committed 9792K, reserved 1048576K
}
Event: 20.034 GC heap after
{Heap after GC invocations=34 (full 0):
 garbage-first heap   total 270336K, used 69203K [0x0000000081400000, 0x0000000100000000)
  region size 1024K, 10 young (10240K), 10 survivors (10240K)
 Metaspace       used 76794K, committed 77376K, reserved 1179648K
  class space    used 9513K, committed 9792K, reserved 1048576K
}
Event: 21.507 GC heap before
{Heap before GC invocations=34 (full 0):
 garbage-first heap   total 270336K, used 220755K [0x0000000081400000, 0x0000000100000000)
  region size 1024K, 158 young (161792K), 10 survivors (10240K)
 Metaspace       used 77490K, committed 78080K, reserved 1179648K
  class space    used 9555K, committed 9856K, reserved 1048576K
}
Event: 21.557 GC heap after
{Heap after GC invocations=35 (full 0):
 garbage-first heap   total 270336K, used 73794K [0x0000000081400000, 0x0000000100000000)
  region size 1024K, 15 young (15360K), 15 survivors (15360K)
 Metaspace       used 77490K, committed 78080K, reserved 1179648K
  class space    used 9555K, committed 9856K, reserved 1048576K
}
Event: 24.053 GC heap before
{Heap before GC invocations=35 (full 0):
 garbage-first heap   total 270336K, used 220226K [0x0000000081400000, 0x0000000100000000)
  region size 1024K, 158 young (161792K), 15 survivors (15360K)
 Metaspace       used 79964K, committed 80640K, reserved 1179648K
  class space    used 9963K, committed 10304K, reserved 1048576K
}
Event: 24.095 GC heap after
{Heap after GC invocations=36 (full 0):
 garbage-first heap   total 270336K, used 78832K [0x0000000081400000, 0x0000000100000000)
  region size 1024K, 15 young (15360K), 15 survivors (15360K)
 Metaspace       used 79964K, committed 80640K, reserved 1179648K
  class space    used 9963K, committed 10304K, reserved 1048576K
}

