# JRE version: OpenJDK Runtime Environment Temurin-18.0.1+10 (18.0.1+10) (build 18.0.1+10)
# Java VM: OpenJDK 64-Bit Server VM Temurin-18.0.1+10 (18.0.1+10, mixed mode, emulated-client, tiered, compressed oops, compressed class ptrs, g1 gc, windows-amd64)
GC Precious Log:
 CardTable entry size: 512
 Card Set container configuration: InlinePtr #cards 5 size 8 Array Of Cards #cards 12 size 40 Howl #buckets 4 coarsen threshold 1843 Howl Bitmap #cards 512 size 80 coarsen threshold 460 Card regions per heap region 1 cards per card region 2048
 CPUs: 4 total, 4 available
 Memory: 8104M
 Large Page Support: Disabled
 NUMA Support: Disabled
 Compressed Oops: Enabled (32-bit)
 Heap Region Size: 1M
 Heap Min Capacity: 8M
 Heap Initial Capacity: 128M
 Heap Max Capacity: 2028M
 Pre-touch: Disabled
 Parallel Workers: 4
 Concurrent Workers: 1
 Concurrent Refinement Workers: 4
 Periodic GC: Disabled
Heap:
 garbage-first heap   total 261120K, used 202283K [0x0000000081400000, 0x0000000100000000)
  region size 1024K, 126 young (129024K), 10 survivors (10240K)
 Metaspace       used 88994K, committed 89664K, reserved 1179648K
  class space    used 10967K, committed 11328K, reserved 1048576K
GC Heap History (20 events):
Event: 23.520 GC heap before
{Heap before GC invocations=27 (full 0):
 garbage-first heap   total 171008K, used 141137K [0x0000000081400000, 0x0000000100000000)
  region size 1024K, 100 young (102400K), 7 survivors (7168K)
 Metaspace       used 63166K, committed 63680K, reserved 1114112K
  class space    used 7814K, committed 8064K, reserved 1048576K
}
Event: 23.546 GC heap after
{Heap after GC invocations=28 (full 0):
 garbage-first heap   total 171008K, used 46483K [0x0000000081400000, 0x0000000100000000)
  region size 1024K, 7 young (7168K), 7 survivors (7168K)
 Metaspace       used 63166K, committed 63680K, reserved 1114112K
  class space    used 7814K, committed 8064K, reserved 1048576K
}
Event: 24.539 GC heap before
{Heap before GC invocations=28 (full 0):
 garbage-first heap   total 171008K, used 141715K [0x0000000081400000, 0x0000000100000000)
  region size 1024K, 100 young (102400K), 7 survivors (7168K)
 Metaspace       used 63605K, committed 64192K, reserved 1114112K
  class space    used 7837K, committed 8128K, reserved 1048576K
}
Event: 24.574 GC heap after
{Heap after GC invocations=29 (full 0):
 garbage-first heap   total 217088K, used 47428K [0x0000000081400000, 0x0000000100000000)
  region size 1024K, 8 young (8192K), 8 survivors (8192K)
 Metaspace       used 63605K, committed 64192K, reserved 1114112K
  class space    used 7837K, committed 8128K, reserved 1048576K
}
Event: 27.507 GC heap before
{Heap before GC invocations=29 (full 0):
 garbage-first heap   total 217088K, used 169284K [0x0000000081400000, 0x0000000100000000)
  region size 1024K, 127 young (130048K), 8 survivors (8192K)
 Metaspace       used 69224K, committed 69696K, reserved 1114112K
  class space    used 8603K, committed 8832K, reserved 1048576K
}
Event: 27.559 GC heap after
{Heap after GC invocations=30 (full 0):
 garbage-first heap   total 217088K, used 52303K [0x0000000081400000, 0x0000000100000000)
  region size 1024K, 13 young (13312K), 13 survivors (13312K)
 Metaspace       used 69224K, committed 69696K, reserved 1114112K
  class space    used 8603K, committed 8832K, reserved 1048576K
}
Event: 29.932 GC heap before
{Heap before GC invocations=30 (full 0):
 garbage-first heap   total 217088K, used 169039K [0x0000000081400000, 0x0000000100000000)
  region size 1024K, 127 young (130048K), 13 survivors (13312K)
 Metaspace       used 69939K, committed 70464K, reserved 1114112K
  class space    used 8648K, committed 8896K, reserved 1048576K
}
Event: 29.996 GC heap after
{Heap after GC invocations=31 (full 0):
 garbage-first heap   total 217088K, used 55504K [0x0000000081400000, 0x0000000100000000)
  region size 1024K, 11 young (11264K), 11 survivors (11264K)
 Metaspace       used 69939K, committed 70464K, reserved 1114112K
  class space    used 8648K, committed 8896K, reserved 1048576K
}
Event: 31.645 GC heap before
{Heap before GC invocations=31 (full 0):
 garbage-first heap   total 217088K, used 174288K [0x0000000081400000, 0x0000000100000000)
  region size 1024K, 127 young (130048K), 11 survivors (11264K)
 Metaspace       used 70322K, committed 70784K, reserved 1114112K
  class space    used 8672K, committed 8896K, reserved 1048576K
}
Event: 31.699 GC heap after
{Heap after GC invocations=32 (full 0):
 garbage-first heap   total 217088K, used 59497K [0x0000000081400000, 0x0000000100000000)
  region size 1024K, 12 young (12288K), 12 survivors (12288K)
 Metaspace       used 70322K, committed 70784K, reserved 1114112K
  class space    used 8672K, committed 8896K, reserved 1048576K
}
Event: 33.385 GC heap before
{Heap before GC invocations=32 (full 0):
 garbage-first heap   total 217088K, used 177257K [0x0000000081400000, 0x0000000100000000)
  region size 1024K, 127 young (130048K), 12 survivors (12288K)
 Metaspace       used 71736K, committed 72192K, reserved 1114112K
  class space    used 8787K, committed 9024K, reserved 1048576K
}
Event: 33.436 GC heap after
{Heap after GC invocations=33 (full 0):
 garbage-first heap   total 261120K, used 63417K [0x0000000081400000, 0x0000000100000000)
  region size 1024K, 11 young (11264K), 11 survivors (11264K)
 Metaspace       used 71736K, committed 72192K, reserved 1114112K
  class space    used 8787K, committed 9024K, reserved 1048576K
}
Event: 37.073 GC heap before
{Heap before GC invocations=33 (full 0):
 garbage-first heap   total 261120K, used 208825K [0x0000000081400000, 0x0000000100000000)
  region size 1024K, 153 young (156672K), 11 survivors (11264K)
 Metaspace       used 77243K, committed 77888K, reserved 1179648K
  class space    used 9539K, committed 9856K, reserved 1048576K
}
Event: 37.133 GC heap after
{Heap after GC invocations=34 (full 0):
 garbage-first heap   total 261120K, used 70694K [0x0000000081400000, 0x0000000100000000)
  region size 1024K, 15 young (15360K), 15 survivors (15360K)
 Metaspace       used 77243K, committed 77888K, reserved 1179648K
  class space    used 9539K, committed 9856K, reserved 1048576K
}
Event: 39.016 GC heap before
{Heap before GC invocations=34 (full 0):
 garbage-first heap   total 261120K, used 212006K [0x0000000081400000, 0x0000000100000000)
  region size 1024K, 153 young (156672K), 15 survivors (15360K)
 Metaspace       used 77905K, committed 78528K, reserved 1179648K
  class space    used 9578K, committed 9856K, reserved 1048576K
}
Event: 39.091 GC heap after
{Heap after GC invocations=35 (full 0):
 garbage-first heap   total 261120K, used 75580K [0x0000000081400000, 0x0000000100000000)
  region size 1024K, 12 young (12288K), 12 survivors (12288K)
 Metaspace       used 77905K, committed 78528K, reserved 1179648K
  class space    used 9578K, committed 9856K, reserved 1048576K
}
Event: 40.874 GC heap before
{Heap before GC invocations=35 (full 0):
 garbage-first heap   total 261120K, used 216892K [0x0000000081400000, 0x0000000100000000)
  region size 1024K, 150 young (153600K), 12 survivors (12288K)
 Metaspace       used 78509K, committed 79168K, reserved 1179648K
  class space    used 9615K, committed 9920K, reserved 1048576K
}
Event: 40.941 GC heap after
{Heap after GC invocations=36 (full 0):
 garbage-first heap   total 261120K, used 81442K [0x0000000081400000, 0x0000000100000000)
  region size 1024K, 11 young (11264K), 11 survivors (11264K)
 Metaspace       used 78509K, committed 79168K, reserved 1179648K
  class space    used 9615K, committed 9920K, reserved 1048576K
}
Event: 44.262 GC heap before
{Heap before GC invocations=36 (full 0):
 garbage-first heap   total 261120K, used 217634K [0x0000000081400000, 0x0000000100000000)
  region size 1024K, 144 young (147456K), 11 survivors (11264K)
 Metaspace       used 81054K, committed 81728K, reserved 1179648K
  class space    used 10027K, committed 10368K, reserved 1048576K
}
Event: 44.307 GC heap after
{Heap after GC invocations=37 (full 0):
 garbage-first heap   total 261120K, used 85547K [0x0000000081400000, 0x0000000100000000)
  region size 1024K, 10 young (10240K), 10 survivors (10240K)
 Metaspace       used 81054K, committed 81728K, reserved 1179648K
  class space    used 10027K, committed 10368K, reserved 1048576K
}

