# JRE version: OpenJDK Runtime Environment Temurin-18.0.1+10 (18.0.1+10) (build 18.0.1+10)
# Java VM: OpenJDK 64-Bit Server VM Temurin-18.0.1+10 (18.0.1+10, mixed mode, emulated-client, tiered, compressed oops, compressed class ptrs, g1 gc, windows-amd64)
GC Precious Log:
 CardTable entry size: 512
 Card Set container configuration: InlinePtr #cards 5 size 8 Array Of Cards #cards 12 size 40 Howl #buckets 4 coarsen threshold 1843 Howl Bitmap #cards 512 size 80 coarsen threshold 460 Card regions per heap region 1 cards per card region 2048
 CPUs: 4 total, 4 available
 Memory: 8104M
 Large Page Support: Disabled
 NUMA Support: Disabled
 Compressed Oops: Enabled (32-bit)
 Heap Region Size: 1M
 Heap Min Capacity: 8M
 Heap Initial Capacity: 128M
 Heap Max Capacity: 2028M
 Pre-touch: Disabled
 Parallel Workers: 4
 Concurrent Workers: 1
 Concurrent Refinement Workers: 4
 Periodic GC: Disabled
Heap:
 garbage-first heap   total 241664K, used 93673K [0x0000000081400000, 0x0000000100000000)
  region size 1024K, 25 young (25600K), 11 survivors (11264K)
 Metaspace       used 87672K, committed 88320K, reserved 1179648K
  class space    used 10877K, committed 11200K, reserved 1048576K
GC Heap History (20 events):
Event: 16.412 GC heap before
{Heap before GC invocations=29 (full 0):
 garbage-first heap   total 166912K, used 137214K [0x0000000081400000, 0x0000000100000000)
  region size 1024K, 97 young (99328K), 6 survivors (6144K)
 Metaspace       used 67220K, committed 67712K, reserved 1114112K
  class space    used 8395K, committed 8640K, reserved 1048576K
}
Event: 16.428 GC heap after
{Heap after GC invocations=30 (full 0):
 garbage-first heap   total 166912K, used 47893K [0x0000000081400000, 0x0000000100000000)
  region size 1024K, 10 young (10240K), 10 survivors (10240K)
 Metaspace       used 67220K, committed 67712K, reserved 1114112K
  class space    used 8395K, committed 8640K, reserved 1048576K
}
Event: 17.196 GC heap before
{Heap before GC invocations=30 (full 0):
 garbage-first heap   total 166912K, used 136981K [0x0000000081400000, 0x0000000100000000)
  region size 1024K, 97 young (99328K), 10 survivors (10240K)
 Metaspace       used 69055K, committed 69504K, reserved 1114112K
  class space    used 8601K, committed 8832K, reserved 1048576K
}
Event: 17.213 GC heap after
{Heap after GC invocations=31 (full 0):
 garbage-first heap   total 166912K, used 51361K [0x0000000081400000, 0x0000000100000000)
  region size 1024K, 10 young (10240K), 10 survivors (10240K)
 Metaspace       used 69055K, committed 69504K, reserved 1114112K
  class space    used 8601K, committed 8832K, reserved 1048576K
}
Event: 17.668 GC heap before
{Heap before GC invocations=31 (full 0):
 garbage-first heap   total 166912K, used 137377K [0x0000000081400000, 0x0000000100000000)
  region size 1024K, 94 young (96256K), 10 survivors (10240K)
 Metaspace       used 69341K, committed 69824K, reserved 1114112K
  class space    used 8619K, committed 8832K, reserved 1048576K
}
Event: 17.684 GC heap after
{Heap after GC invocations=32 (full 0):
 garbage-first heap   total 200704K, used 53687K [0x0000000081400000, 0x0000000100000000)
  region size 1024K, 6 young (6144K), 6 survivors (6144K)
 Metaspace       used 69341K, committed 69824K, reserved 1114112K
  class space    used 8619K, committed 8832K, reserved 1048576K
}
Event: 19.345 GC heap before
{Heap before GC invocations=32 (full 0):
 garbage-first heap   total 200704K, used 167351K [0x0000000081400000, 0x0000000100000000)
  region size 1024K, 117 young (119808K), 6 survivors (6144K)
 Metaspace       used 70753K, committed 71232K, reserved 1114112K
  class space    used 8738K, committed 8960K, reserved 1048576K
}
Event: 19.383 GC heap after
{Heap after GC invocations=33 (full 0):
 garbage-first heap   total 200704K, used 56759K [0x0000000081400000, 0x0000000100000000)
  region size 1024K, 9 young (9216K), 9 survivors (9216K)
 Metaspace       used 70753K, committed 71232K, reserved 1114112K
  class space    used 8738K, committed 8960K, reserved 1048576K
}
Event: 22.964 GC heap before
{Heap before GC invocations=33 (full 0):
 garbage-first heap   total 200704K, used 167351K [0x0000000081400000, 0x0000000100000000)
  region size 1024K, 117 young (119808K), 9 survivors (9216K)
 Metaspace       used 75791K, committed 76416K, reserved 1179648K
  class space    used 9441K, committed 9728K, reserved 1048576K
}
Event: 23.003 GC heap after
{Heap after GC invocations=34 (full 0):
 garbage-first heap   total 200704K, used 61525K [0x0000000081400000, 0x0000000100000000)
  region size 1024K, 11 young (11264K), 11 survivors (11264K)
 Metaspace       used 75791K, committed 76416K, reserved 1179648K
  class space    used 9441K, committed 9728K, reserved 1048576K
}
Event: 24.198 GC heap before
{Heap before GC invocations=34 (full 0):
 garbage-first heap   total 200704K, used 166997K [0x0000000081400000, 0x0000000100000000)
  region size 1024K, 114 young (116736K), 11 survivors (11264K)
 Metaspace       used 76411K, committed 76992K, reserved 1179648K
  class space    used 9498K, committed 9792K, reserved 1048576K
}
Event: 24.240 GC heap after
{Heap after GC invocations=35 (full 0):
 garbage-first heap   total 200704K, used 66717K [0x0000000081400000, 0x0000000100000000)
  region size 1024K, 10 young (10240K), 10 survivors (10240K)
 Metaspace       used 76411K, committed 76992K, reserved 1179648K
  class space    used 9498K, committed 9792K, reserved 1048576K
}
Event: 25.351 GC heap before
{Heap before GC invocations=35 (full 0):
 garbage-first heap   total 200704K, used 166045K [0x0000000081400000, 0x0000000100000000)
  region size 1024K, 107 young (109568K), 10 survivors (10240K)
 Metaspace       used 76928K, committed 77504K, reserved 1179648K
  class space    used 9533K, committed 9792K, reserved 1048576K
}
Event: 25.387 GC heap after
{Heap after GC invocations=36 (full 0):
 garbage-first heap   total 200704K, used 69945K [0x0000000081400000, 0x0000000100000000)
  region size 1024K, 8 young (8192K), 8 survivors (8192K)
 Metaspace       used 76928K, committed 77504K, reserved 1179648K
  class space    used 9533K, committed 9792K, reserved 1048576K
}
Event: 26.266 GC heap before
{Heap before GC invocations=36 (full 0):
 garbage-first heap   total 200704K, used 167225K [0x0000000081400000, 0x0000000100000000)
  region size 1024K, 103 young (105472K), 8 survivors (8192K)
 Metaspace       used 77377K, committed 78016K, reserved 1179648K
  class space    used 9558K, committed 9856K, reserved 1048576K
}
Event: 26.292 GC heap after
{Heap after GC invocations=37 (full 0):
 garbage-first heap   total 241664K, used 74608K [0x0000000081400000, 0x0000000100000000)
  region size 1024K, 8 young (8192K), 8 survivors (8192K)
 Metaspace       used 77377K, committed 78016K, reserved 1179648K
  class space    used 9558K, committed 9856K, reserved 1048576K
}
Event: 27.753 GC heap before
{Heap before GC invocations=37 (full 0):
 garbage-first heap   total 241664K, used 199536K [0x0000000081400000, 0x0000000100000000)
  region size 1024K, 130 young (133120K), 8 survivors (8192K)
 Metaspace       used 79777K, committed 80448K, reserved 1179648K
  class space    used 9952K, committed 10304K, reserved 1048576K
}
Event: 27.777 GC heap after
{Heap after GC invocations=38 (full 0):
 garbage-first heap   total 241664K, used 78619K [0x0000000081400000, 0x0000000100000000)
  region size 1024K, 12 young (12288K), 12 survivors (12288K)
 Metaspace       used 79777K, committed 80448K, reserved 1179648K
  class space    used 9952K, committed 10304K, reserved 1048576K
}
Event: 35.546 GC heap before
{Heap before GC invocations=38 (full 0):
 garbage-first heap   total 241664K, used 198427K [0x0000000081400000, 0x0000000100000000)
  region size 1024K, 130 young (133120K), 12 survivors (12288K)
 Metaspace       used 86793K, committed 87488K, reserved 1179648K
  class space    used 10784K, committed 11136K, reserved 1048576K
}
Event: 35.597 GC heap after
{Heap after GC invocations=39 (full 0):
 garbage-first heap   total 241664K, used 80361K [0x0000000081400000, 0x0000000100000000)
  region size 1024K, 11 young (11264K), 11 survivors (11264K)
 Metaspace       used 86793K, committed 87488K, reserved 1179648K
  class space    used 10784K, committed 11136K, reserved 1048576K
}

