# JRE version: OpenJDK Runtime Environment Temurin-18.0.1+10 (18.0.1+10) (build 18.0.1+10)
# Java VM: OpenJDK 64-Bit Server VM Temurin-18.0.1+10 (18.0.1+10, mixed mode, emulated-client, tiered, compressed oops, compressed class ptrs, g1 gc, windows-amd64)
GC Precious Log:
 CardTable entry size: 512
 Card Set container configuration: InlinePtr #cards 5 size 8 Array Of Cards #cards 12 size 40 Howl #buckets 4 coarsen threshold 1843 Howl Bitmap #cards 512 size 80 coarsen threshold 460 Card regions per heap region 1 cards per card region 2048
 CPUs: 4 total, 4 available
 Memory: 8104M
 Large Page Support: Disabled
 NUMA Support: Disabled
 Compressed Oops: Enabled (32-bit)
 Heap Region Size: 1M
 Heap Min Capacity: 8M
 Heap Initial Capacity: 128M
 Heap Max Capacity: 2028M
 Pre-touch: Disabled
 Parallel Workers: 4
 Concurrent Workers: 1
 Concurrent Refinement Workers: 4
 Periodic GC: Disabled
Heap:
 garbage-first heap   total 229376K, used 159665K [0x0000000081400000, 0x0000000100000000)
  region size 1024K, 88 young (90112K), 8 survivors (8192K)
 Metaspace       used 87756K, committed 88448K, reserved 1179648K
  class space    used 10877K, committed 11200K, reserved 1048576K
GC Heap History (20 events):
Event: 14.104 GC heap before
{Heap before GC invocations=29 (full 0):
 garbage-first heap   total 157696K, used 131622K [0x0000000081400000, 0x0000000100000000)
  region size 1024K, 92 young (94208K), 5 survivors (5120K)
 Metaspace       used 62926K, committed 63424K, reserved 1114112K
  class space    used 7802K, committed 8064K, reserved 1048576K
}
Event: 14.114 GC heap after
{Heap after GC invocations=30 (full 0):
 garbage-first heap   total 157696K, used 43426K [0x0000000081400000, 0x0000000100000000)
  region size 1024K, 6 young (6144K), 6 survivors (6144K)
 Metaspace       used 62926K, committed 63424K, reserved 1114112K
  class space    used 7802K, committed 8064K, reserved 1048576K
}
Event: 14.879 GC heap before
{Heap before GC invocations=30 (full 0):
 garbage-first heap   total 157696K, used 131490K [0x0000000081400000, 0x0000000100000000)
  region size 1024K, 92 young (94208K), 6 survivors (6144K)
 Metaspace       used 66418K, committed 66944K, reserved 1114112K
  class space    used 8250K, committed 8512K, reserved 1048576K
}
Event: 14.896 GC heap after
{Heap after GC invocations=31 (full 0):
 garbage-first heap   total 190464K, used 46630K [0x0000000081400000, 0x0000000100000000)
  region size 1024K, 9 young (9216K), 9 survivors (9216K)
 Metaspace       used 66418K, committed 66944K, reserved 1114112K
  class space    used 8250K, committed 8512K, reserved 1048576K
}
Event: 15.921 GC heap before
{Heap before GC invocations=31 (full 0):
 garbage-first heap   total 190464K, used 151078K [0x0000000081400000, 0x0000000100000000)
  region size 1024K, 111 young (113664K), 9 survivors (9216K)
 Metaspace       used 69051K, committed 69504K, reserved 1114112K
  class space    used 8601K, committed 8832K, reserved 1048576K
}
Event: 15.940 GC heap after
{Heap after GC invocations=32 (full 0):
 garbage-first heap   total 190464K, used 50799K [0x0000000081400000, 0x0000000100000000)
  region size 1024K, 12 young (12288K), 12 survivors (12288K)
 Metaspace       used 69051K, committed 69504K, reserved 1114112K
  class space    used 8601K, committed 8832K, reserved 1048576K
}
Event: 16.676 GC heap before
{Heap before GC invocations=32 (full 0):
 garbage-first heap   total 190464K, used 152175K [0x0000000081400000, 0x0000000100000000)
  region size 1024K, 111 young (113664K), 12 survivors (12288K)
 Metaspace       used 70034K, committed 70592K, reserved 1114112K
  class space    used 8696K, committed 8960K, reserved 1048576K
}
Event: 16.700 GC heap after
{Heap after GC invocations=33 (full 0):
 garbage-first heap   total 190464K, used 53347K [0x0000000081400000, 0x0000000100000000)
  region size 1024K, 10 young (10240K), 10 survivors (10240K)
 Metaspace       used 70034K, committed 70592K, reserved 1114112K
  class space    used 8696K, committed 8960K, reserved 1048576K
}
Event: 17.401 GC heap before
{Heap before GC invocations=33 (full 0):
 garbage-first heap   total 190464K, used 156771K [0x0000000081400000, 0x0000000100000000)
  region size 1024K, 111 young (113664K), 10 survivors (10240K)
 Metaspace       used 70752K, committed 71232K, reserved 1114112K
  class space    used 8740K, committed 8960K, reserved 1048576K
}
Event: 17.419 GC heap after
{Heap after GC invocations=34 (full 0):
 garbage-first heap   total 190464K, used 57054K [0x0000000081400000, 0x0000000100000000)
  region size 1024K, 10 young (10240K), 10 survivors (10240K)
 Metaspace       used 70752K, committed 71232K, reserved 1114112K
  class space    used 8740K, committed 8960K, reserved 1048576K
}
Event: 18.803 GC heap before
{Heap before GC invocations=34 (full 0):
 garbage-first heap   total 190464K, used 160478K [0x0000000081400000, 0x0000000100000000)
  region size 1024K, 111 young (113664K), 10 survivors (10240K)
 Metaspace       used 75658K, committed 76288K, reserved 1179648K
  class space    used 9421K, committed 9728K, reserved 1048576K
}
Event: 18.823 GC heap after
{Heap after GC invocations=35 (full 0):
 garbage-first heap   total 229376K, used 61515K [0x0000000081400000, 0x0000000100000000)
  region size 1024K, 11 young (11264K), 11 survivors (11264K)
 Metaspace       used 75658K, committed 76288K, reserved 1179648K
  class space    used 9421K, committed 9728K, reserved 1048576K
}
Event: 20.603 GC heap before
{Heap before GC invocations=35 (full 0):
 garbage-first heap   total 229376K, used 187467K [0x0000000081400000, 0x0000000100000000)
  region size 1024K, 134 young (137216K), 11 survivors (11264K)
 Metaspace       used 76483K, committed 77056K, reserved 1179648K
  class space    used 9500K, committed 9792K, reserved 1048576K
}
Event: 20.685 GC heap after
{Heap after GC invocations=36 (full 0):
 garbage-first heap   total 229376K, used 67048K [0x0000000081400000, 0x0000000100000000)
  region size 1024K, 13 young (13312K), 13 survivors (13312K)
 Metaspace       used 76483K, committed 77056K, reserved 1179648K
  class space    used 9500K, committed 9792K, reserved 1048576K
}
Event: 22.601 GC heap before
{Heap before GC invocations=36 (full 0):
 garbage-first heap   total 229376K, used 188904K [0x0000000081400000, 0x0000000100000000)
  region size 1024K, 132 young (135168K), 13 survivors (13312K)
 Metaspace       used 77030K, committed 77568K, reserved 1179648K
  class space    used 9534K, committed 9792K, reserved 1048576K
}
Event: 22.670 GC heap after
{Heap after GC invocations=37 (full 0):
 garbage-first heap   total 229376K, used 72001K [0x0000000081400000, 0x0000000100000000)
  region size 1024K, 11 young (11264K), 11 survivors (11264K)
 Metaspace       used 77030K, committed 77568K, reserved 1179648K
  class space    used 9534K, committed 9792K, reserved 1048576K
}
Event: 24.019 GC heap before
{Heap before GC invocations=37 (full 0):
 garbage-first heap   total 229376K, used 189761K [0x0000000081400000, 0x0000000100000000)
  region size 1024K, 126 young (129024K), 11 survivors (11264K)
 Metaspace       used 77678K, committed 78272K, reserved 1179648K
  class space    used 9583K, committed 9856K, reserved 1048576K
}
Event: 24.055 GC heap after
{Heap after GC invocations=38 (full 0):
 garbage-first heap   total 229376K, used 77086K [0x0000000081400000, 0x0000000100000000)
  region size 1024K, 10 young (10240K), 10 survivors (10240K)
 Metaspace       used 77678K, committed 78272K, reserved 1179648K
  class space    used 9583K, committed 9856K, reserved 1048576K
}
Event: 25.796 GC heap before
{Heap before GC invocations=38 (full 0):
 garbage-first heap   total 229376K, used 190750K [0x0000000081400000, 0x0000000100000000)
  region size 1024K, 121 young (123904K), 10 survivors (10240K)
 Metaspace       used 79960K, committed 80640K, reserved 1179648K
  class space    used 9969K, committed 10304K, reserved 1048576K
}
Event: 25.822 GC heap after
{Heap after GC invocations=39 (full 0):
 garbage-first heap   total 229376K, used 79793K [0x0000000081400000, 0x0000000100000000)
  region size 1024K, 8 young (8192K), 8 survivors (8192K)
 Metaspace       used 79960K, committed 80640K, reserved 1179648K
  class space    used 9969K, committed 10304K, reserved 1048576K
}

