# JRE version: OpenJDK Runtime Environment Temurin-18.0.1+10 (18.0.1+10) (build 18.0.1+10)
# Java VM: OpenJDK 64-Bit Server VM Temurin-18.0.1+10 (18.0.1+10, mixed mode, emulated-client, tiered, compressed oops, compressed class ptrs, g1 gc, windows-amd64)
GC Precious Log:
 CardTable entry size: 512
 Card Set container configuration: InlinePtr #cards 5 size 8 Array Of Cards #cards 12 size 40 Howl #buckets 4 coarsen threshold 1843 Howl Bitmap #cards 512 size 80 coarsen threshold 460 Card regions per heap region 1 cards per card region 2048
 CPUs: 4 total, 4 available
 Memory: 8104M
 Large Page Support: Disabled
 NUMA Support: Disabled
 Compressed Oops: Enabled (32-bit)
 Heap Region Size: 1M
 Heap Min Capacity: 8M
 Heap Initial Capacity: 128M
 Heap Max Capacity: 2028M
 Pre-touch: Disabled
 Parallel Workers: 4
 Concurrent Workers: 1
 Concurrent Refinement Workers: 4
 Periodic GC: Disabled
Heap:
 garbage-first heap   total 248832K, used 151275K [0x0000000081400000, 0x0000000100000000)
  region size 1024K, 78 young (79872K), 6 survivors (6144K)
 Metaspace       used 87802K, committed 88448K, reserved 1179648K
  class space    used 10893K, committed 11200K, reserved 1048576K
GC Heap History (20 events):
Event: 24.508 GC heap before
{Heap before GC invocations=31 (full 0):
 garbage-first heap   total 172032K, used 139847K [0x0000000081400000, 0x0000000100000000)
  region size 1024K, 100 young (102400K), 6 survivors (6144K)
 Metaspace       used 68389K, committed 68864K, reserved 1114112K
  class space    used 8547K, committed 8768K, reserved 1048576K
}
Event: 24.522 GC heap after
{Heap after GC invocations=32 (full 0):
 garbage-first heap   total 172032K, used 48787K [0x0000000081400000, 0x0000000100000000)
  region size 1024K, 10 young (10240K), 10 survivors (10240K)
 Metaspace       used 68389K, committed 68864K, reserved 1114112K
  class space    used 8547K, committed 8768K, reserved 1048576K
}
Event: 25.497 GC heap before
{Heap before GC invocations=32 (full 0):
 garbage-first heap   total 172032K, used 140947K [0x0000000081400000, 0x0000000100000000)
  region size 1024K, 100 young (102400K), 10 survivors (10240K)
 Metaspace       used 69086K, committed 69568K, reserved 1114112K
  class space    used 8605K, committed 8832K, reserved 1048576K
}
Event: 25.514 GC heap after
{Heap after GC invocations=33 (full 0):
 garbage-first heap   total 172032K, used 52099K [0x0000000081400000, 0x0000000100000000)
  region size 1024K, 10 young (10240K), 10 survivors (10240K)
 Metaspace       used 69086K, committed 69568K, reserved 1114112K
  class space    used 8605K, committed 8832K, reserved 1048576K
}
Event: 26.186 GC heap before
{Heap before GC invocations=33 (full 0):
 garbage-first heap   total 172032K, used 144259K [0x0000000081400000, 0x0000000100000000)
  region size 1024K, 100 young (102400K), 10 survivors (10240K)
 Metaspace       used 70038K, committed 70528K, reserved 1114112K
  class space    used 8699K, committed 8896K, reserved 1048576K
}
Event: 26.202 GC heap after
{Heap after GC invocations=34 (full 0):
 garbage-first heap   total 172032K, used 54630K [0x0000000081400000, 0x0000000100000000)
  region size 1024K, 6 young (6144K), 6 survivors (6144K)
 Metaspace       used 70038K, committed 70528K, reserved 1114112K
  class space    used 8699K, committed 8896K, reserved 1048576K
}
Event: 26.909 GC heap before
{Heap before GC invocations=34 (full 0):
 garbage-first heap   total 172032K, used 144742K [0x0000000081400000, 0x0000000100000000)
  region size 1024K, 94 young (96256K), 6 survivors (6144K)
 Metaspace       used 70753K, committed 71232K, reserved 1114112K
  class space    used 8742K, committed 8960K, reserved 1048576K
}
Event: 26.921 GC heap after
{Heap after GC invocations=35 (full 0):
 garbage-first heap   total 172032K, used 57315K [0x0000000081400000, 0x0000000100000000)
  region size 1024K, 9 young (9216K), 9 survivors (9216K)
 Metaspace       used 70753K, committed 71232K, reserved 1114112K
  class space    used 8742K, committed 8960K, reserved 1048576K
}
Event: 28.393 GC heap before
{Heap before GC invocations=35 (full 0):
 garbage-first heap   total 172032K, used 144355K [0x0000000081400000, 0x0000000100000000)
  region size 1024K, 94 young (96256K), 9 survivors (9216K)
 Metaspace       used 74562K, committed 75136K, reserved 1179648K
  class space    used 9257K, committed 9536K, reserved 1048576K
}
Event: 28.410 GC heap after
{Heap after GC invocations=36 (full 0):
 garbage-first heap   total 206848K, used 61270K [0x0000000081400000, 0x0000000100000000)
  region size 1024K, 10 young (10240K), 10 survivors (10240K)
 Metaspace       used 74562K, committed 75136K, reserved 1179648K
  class space    used 9257K, committed 9536K, reserved 1048576K
}
Event: 29.442 GC heap before
{Heap before GC invocations=36 (full 0):
 garbage-first heap   total 206848K, used 171862K [0x0000000081400000, 0x0000000100000000)
  region size 1024K, 118 young (120832K), 10 survivors (10240K)
 Metaspace       used 76369K, committed 76992K, reserved 1179648K
  class space    used 9496K, committed 9792K, reserved 1048576K
}
Event: 29.459 GC heap after
{Heap after GC invocations=37 (full 0):
 garbage-first heap   total 206848K, used 65271K [0x0000000081400000, 0x0000000100000000)
  region size 1024K, 11 young (11264K), 11 survivors (11264K)
 Metaspace       used 76369K, committed 76992K, reserved 1179648K
  class space    used 9496K, committed 9792K, reserved 1048576K
}
Event: 30.081 GC heap before
{Heap before GC invocations=37 (full 0):
 garbage-first heap   total 206848K, used 170743K [0x0000000081400000, 0x0000000100000000)
  region size 1024K, 114 young (116736K), 11 survivors (11264K)
 Metaspace       used 76886K, committed 77504K, reserved 1179648K
  class space    used 9529K, committed 9856K, reserved 1048576K
}
Event: 30.099 GC heap after
{Heap after GC invocations=38 (full 0):
 garbage-first heap   total 206848K, used 69350K [0x0000000081400000, 0x0000000100000000)
  region size 1024K, 9 young (9216K), 9 survivors (9216K)
 Metaspace       used 76886K, committed 77504K, reserved 1179648K
  class space    used 9529K, committed 9856K, reserved 1048576K
}
Event: 30.696 GC heap before
{Heap before GC invocations=38 (full 0):
 garbage-first heap   total 206848K, used 171750K [0x0000000081400000, 0x0000000100000000)
  region size 1024K, 109 young (111616K), 9 survivors (9216K)
 Metaspace       used 77336K, committed 77952K, reserved 1179648K
  class space    used 9556K, committed 9856K, reserved 1048576K
}
Event: 30.709 GC heap after
{Heap after GC invocations=39 (full 0):
 garbage-first heap   total 206848K, used 73990K [0x0000000081400000, 0x0000000100000000)
  region size 1024K, 8 young (8192K), 8 survivors (8192K)
 Metaspace       used 77336K, committed 77952K, reserved 1179648K
  class space    used 9556K, committed 9856K, reserved 1048576K
}
Event: 32.132 GC heap before
{Heap before GC invocations=39 (full 0):
 garbage-first heap   total 206848K, used 172294K [0x0000000081400000, 0x0000000100000000)
  region size 1024K, 104 young (106496K), 8 survivors (8192K)
 Metaspace       used 79393K, committed 80064K, reserved 1179648K
  class space    used 9869K, committed 10176K, reserved 1048576K
}
Event: 32.188 GC heap after
{Heap after GC invocations=40 (full 0):
 garbage-first heap   total 206848K, used 78210K [0x0000000081400000, 0x0000000100000000)
  region size 1024K, 9 young (9216K), 9 survivors (9216K)
 Metaspace       used 79393K, committed 80064K, reserved 1179648K
  class space    used 9869K, committed 10176K, reserved 1048576K
}
Event: 41.939 GC heap before
{Heap before GC invocations=40 (full 0):
 garbage-first heap   total 206848K, used 172418K [0x0000000081400000, 0x0000000100000000)
  region size 1024K, 101 young (103424K), 9 survivors (9216K)
 Metaspace       used 80706K, committed 81344K, reserved 1179648K
  class space    used 10056K, committed 10368K, reserved 1048576K
}
Event: 41.964 GC heap after
{Heap after GC invocations=41 (full 0):
 garbage-first heap   total 248832K, used 79595K [0x0000000081400000, 0x0000000100000000)
  region size 1024K, 6 young (6144K), 6 survivors (6144K)
 Metaspace       used 80706K, committed 81344K, reserved 1179648K
  class space    used 10056K, committed 10368K, reserved 1048576K
}

